<?xml version="1.0" encoding="UTF-8" ?>
<testsuite failures="0" time="0" errors="0" skipped="0" tests="4" name="com.taole.framework.test.JSONObjectRequestParametersTest">
  <properties>
[...]
</properties>
  <testcase time="0" classname="com.taole.framework.test.JSONObjectRequestParametersTest" name="testParseArrayParameter"/>
  <testcase time="0" classname="com.taole.framework.test.JSONObjectRequestParametersTest" name="testParseIntArrayParameter"/>
  <testcase time="0" classname="com.taole.framework.test.JSONObjectRequestParametersTest" name="testParseListParameter"/>
  <testcase time="0" classname="com.taole.framework.test.JSONObjectRequestParametersTest" name="testParseDateParameter"/>
</testsuite>